-------------------------------------------------------------------------------
Test set: TestSuite
-------------------------------------------------------------------------------
Tests run: 3, Failures: 1, Errors: 0, Skipped: 2, Time elapsed: 1.804 s <<< FAILURE! - in TestSuite
Selenium.NewTest.beforeTest  Time elapsed: 1.544 s  <<< FAILURE!
java.lang.IllegalStateException: The driver executable does not exist: C:\usr\bin\geckodriver
	at Selenium.NewTest.beforeTest(NewTest.java:27)

